Arguments: 
  C:\Users\18058\.nvm\versions\node\v16.15.0\bin\node.exe C:\Users\18058\AppData\Local\node\corepack\yarn\1.22.19\bin\yarn.js init

PATH: 
  C:\Users\18058\.nvm\versions\node\v16.15.0\bin;C:\Users\18058\bin;C:\Program Files\Git\mingw64\bin;C:\Program Files\Git\usr\local\bin;C:\Program Files\Git\usr\bin;C:\Program Files\Git\usr\bin;C:\Program Files\Git\cmd;C:\Program Files (x86)\Common Files\Oracle\Java\javapath;C:\Users\18058\anaconda3;C:\Program Files (x86)\Python36-32\Scripts;C:\Program Files\nodejs;C:\Program Files\Git\cmd;C:\Users\18058\AppData\Local\Programs\Microsoft VS Code\bin;C:\Users\18058\AppData\Local\atom\bin;C:\Users\18058\AppData\Local\Programs\Hyper\resources\bin;C:\Users\18058\AppData\Roaming\npm;C:\Program Files\heroku\bin;C:\Users\18058\AppData\Local\GitHubDesktop\bin;C:\Program Files\Git\usr\bin\vendor_perl;C:\Program Files\Git\usr\bin\core_perl

Yarn version: 
  1.22.19

Node version: 
  16.15.0

Platform: 
  win32 x64

Trace: 
  Error: canceled
      at Interface.<anonymous> (C:\Users\18058\AppData\Local\node\corepack\yarn\1.22.19\lib\cli.js:137150:13)
      at Interface.emit (node:events:527:28)
      at Interface._ttyWrite (node:readline:1081:16)
      at ReadStream.onkeypress (node:readline:288:10)
      at ReadStream.emit (node:events:527:28)
      at emitKeys (node:internal/readline/utils:358:14)
      at emitKeys.next (<anonymous>)
      at ReadStream.onData (node:internal/readline/emitKeypressEvents:61:36)
      at ReadStream.emit (node:events:527:28)
      at addChunk (node:internal/streams/readable:315:12)

npm manifest: 
  No manifest

yarn manifest: 
  No manifest

Lockfile: 
  No lockfile
